"../../../Engine/Content/Animation/DefaultAnimBoneCompressionSettings.uasset" 0
"../../../../../../Users/tymte/Documents/Unreal Projects/TimeGame/Content/Meshs/Knight/knight_Skeleton.uasset" 1
"../../../../../../Users/tymte/Documents/Unreal Projects/TimeGame/Content/Meshs/Knight/knight_Anim_Idle.uasset" 2
"../../../../../../Users/tymte/Documents/Unreal Projects/TimeGame/Content/Meshs/Knight/knight_Anim_Idle_Spear.uasset" 3
"../../../../../../Users/tymte/Documents/Unreal Projects/TimeGame/Content/Meshs/Knight/knight_Anim_Jump.uasset" 4
"../../../../../../Users/tymte/Documents/Unreal Projects/TimeGame/Content/Meshs/Knight/knight_Anim_Run.uasset" 5
"../../../../../../Users/tymte/Documents/Unreal Projects/TimeGame/Content/Meshs/Knight/knight_Anim_Run_Sper.uasset" 6
"../../../Engine/Content/EditorBlueprintResources/StandardMacros.uasset" 7
"../../../../../../Users/tymte/Documents/Unreal Projects/TimeGame/Content/Meshs/Material/M_Gold.uasset" 8
"../../../../../../Users/tymte/Documents/Unreal Projects/TimeGame/Content/Meshs/SM_Coin.uasset" 9
"../../../../../../Users/tymte/Documents/Unreal Projects/TimeGame/Content/BluePrints/BP_Coin.uasset" 10
"../../../../../../Users/tymte/Documents/Unreal Projects/TimeGame/Content/BluePrints/Enemy/BB_Enemy.uasset" 11
"../../../../../../Users/tymte/Documents/Unreal Projects/TimeGame/Content/BluePrints/Enemy/BTService_UptdPlayer.uasset" 12
"../../../../../../Users/tymte/Documents/Unreal Projects/TimeGame/Content/BluePrints/Enemy/BTTask_ClearFocus.uasset" 13
"../../../../../../Users/tymte/Documents/Unreal Projects/TimeGame/Content/BluePrints/Enemy/BTTask_Patrol.uasset" 14
"../../../../../../Users/tymte/Documents/Unreal Projects/TimeGame/Content/BluePrints/Enemy/BTTask_SetFocus.uasset" 15
"../../../../../../Users/tymte/Documents/Unreal Projects/TimeGame/Content/BluePrints/Enemy/BT_Enemy.uasset" 16
"../../../../../../Users/tymte/Documents/Unreal Projects/TimeGame/Content/Meshs/Spear/Iron.uasset" 17
"../../../../../../Users/tymte/Documents/Unreal Projects/TimeGame/Content/Meshs/Spear/Material.uasset" 18
"../../../../../../Users/tymte/Documents/Unreal Projects/TimeGame/Content/Meshs/Spear/Wood.uasset" 19
"../../../../../../Users/tymte/Documents/Unreal Projects/TimeGame/Content/Meshs/Spear/Spear_Skeleton.uasset" 20
"../../../../../../Users/tymte/Documents/Unreal Projects/TimeGame/Content/Meshs/Spear/Spear.uasset" 21
"../../../../../../Users/tymte/Documents/Unreal Projects/TimeGame/Content/BluePrints/Enemy/BP_Enemy_Spear.uasset" 22
"../../../../../../Users/tymte/Documents/Unreal Projects/TimeGame/Content/BluePrints/Enemy/BTTask_ChangeSpeed.uasset" 23
"../../../../../../Users/tymte/Documents/Unreal Projects/TimeGame/Content/BluePrints/Enemy/BTTask_RandomPosNearPlayer.uasset" 24
"../../../../../../Users/tymte/Documents/Unreal Projects/TimeGame/Content/BluePrints/Enemy/BTTask_SaveActorLocation.uasset" 25
"../../../../../../Users/tymte/Documents/Unreal Projects/TimeGame/Content/BluePrints/Enemy/BT_Enemy_Spear.uasset" 26
"../../../../../../Users/tymte/Documents/Unreal Projects/TimeGame/Content/Meshs/Material/M_GroundBase.uasset" 27
"../../../../../../Users/tymte/Documents/Unreal Projects/TimeGame/Content/Meshs/Material/MI_Grass.uasset" 28
"../../../../../../Users/tymte/Documents/Unreal Projects/TimeGame/Content/BluePrints/TileState.uasset" 29
"../../../../../../Users/tymte/Documents/Unreal Projects/TimeGame/Content/Meshs/SM_BaseTile.uasset" 30
"../../../../../../Users/tymte/Documents/Unreal Projects/TimeGame/Content/BluePrints/BP_FlorTile.uasset" 31
"../../../../../../Users/tymte/Documents/Unreal Projects/TimeGame/Content/BluePrints/BP_GameInstance.uasset" 32
"../../../Engine/Content/EngineFonts/Faces/DroidSansFallback.uasset" 33
"../../../Engine/Content/EngineFonts/Faces/RobotoTiny.uasset" 34
"../../../Engine/Content/EngineFonts/RobotoTiny.uasset" 35
"../../../../../../Users/tymte/Documents/Unreal Projects/TimeGame/Content/BluePrints/Widgets/BP_MyText.uasset" 36
"../../../../../../Users/tymte/Documents/Unreal Projects/TimeGame/Content/BluePrints/Widgets/HUD_icons/WBP_HUD_Icons.uasset" 37
"../../../../../../Users/tymte/Documents/Unreal Projects/TimeGame/Content/Meshs/Textures/Clock.uasset" 38
"../../../../../../Users/tymte/Documents/Unreal Projects/TimeGame/Content/BluePrints/Widgets/HUD_icons/WBP_HUD_Clock.uasset" 39
"../../../../../../Users/tymte/Documents/Unreal Projects/TimeGame/Content/Meshs/Textures/Coin2.uasset" 40
"../../../../../../Users/tymte/Documents/Unreal Projects/TimeGame/Content/BluePrints/Widgets/HUD_icons/WBP_HUD_Icons_Money.uasset" 41
"../../../../../../Users/tymte/Documents/Unreal Projects/TimeGame/Content/Meshs/Textures/Shield.uasset" 42
"../../../../../../Users/tymte/Documents/Unreal Projects/TimeGame/Content/BluePrints/Widgets/HUD_icons/WBP_HUD_Icons_Shield.uasset" 43
"../../../../../../Users/tymte/Documents/Unreal Projects/TimeGame/Content/Meshs/Textures/sword.uasset" 44
"../../../../../../Users/tymte/Documents/Unreal Projects/TimeGame/Content/BluePrints/Widgets/HUD_icons/WBP_HUD_Icons_Swords.uasset" 45
"../../../../../../Users/tymte/Documents/Unreal Projects/TimeGame/Content/BluePrints/Widgets/WBP_HUD.uasset" 46
"../../../../../../Users/tymte/Documents/Unreal Projects/TimeGame/Content/Meshs/Textures/Button.uasset" 47
"../../../../../../Users/tymte/Documents/Unreal Projects/TimeGame/Content/BluePrints/Widgets/WBP_Button.uasset" 48
"../../../../../../Users/tymte/Documents/Unreal Projects/TimeGame/Content/BluePrints/Widgets/WBP_LoseScreen.uasset" 49
"../../../../../../Users/tymte/Documents/Unreal Projects/TimeGame/Content/BluePrints/FBL_Utilitys.uasset" 50
"../../../../../../Users/tymte/Documents/Unreal Projects/TimeGame/Content/BluePrints/Widgets/ShopWidgets/WBP_ShopEntry.uasset" 51
"../../../../../../Users/tymte/Documents/Unreal Projects/TimeGame/Content/Meshs/Textures/Coins.uasset" 52
"../../../../../../Users/tymte/Documents/Unreal Projects/TimeGame/Content/BluePrints/Widgets/ShopWidgets/WBP_BonusMoney.uasset" 53
"../../../../../../Users/tymte/Documents/Unreal Projects/TimeGame/Content/BluePrints/Widgets/ShopWidgets/WBP_ExtraSwords.uasset" 54
"../../../../../../Users/tymte/Documents/Unreal Projects/TimeGame/Content/Meshs/Textures/shard.uasset" 55
"../../../../../../Users/tymte/Documents/Unreal Projects/TimeGame/Content/BluePrints/Widgets/ShopWidgets/WBP_HeadStart.uasset" 56
"../../../../../../Users/tymte/Documents/Unreal Projects/TimeGame/Content/BluePrints/Widgets/ShopWidgets/WBP_Shield.uasset" 57
"../../../../../../Users/tymte/Documents/Unreal Projects/TimeGame/Content/Meshs/Textures/Pirce.uasset" 58
"../../../../../../Users/tymte/Documents/Unreal Projects/TimeGame/Content/BluePrints/Widgets/ShopWidgets/WBP_SwordPirce.uasset" 59
"../../../../../../Users/tymte/Documents/Unreal Projects/TimeGame/Content/BluePrints/Widgets/WBP_Shop.uasset" 60
"../../../../../../Users/tymte/Documents/Unreal Projects/TimeGame/Content/BluePrints/Widgets/WBP_WinScreen.uasset" 61
"../../../../../../Users/tymte/Documents/Unreal Projects/TimeGame/Content/BluePrints/BP_PlayerControler.uasset" 62
"../../../../../../Users/tymte/Documents/Unreal Projects/TimeGame/Content/BluePrints/LevelInfo.uasset" 63
"../../../../../../Users/tymte/Documents/Unreal Projects/TimeGame/Content/BluePrints/LevelInfo_DT.uasset" 64
"../../../../../../Users/tymte/Documents/Unreal Projects/TimeGame/Content/Meshs/Material/Material.uasset" 65
"../../../../../../Users/tymte/Documents/Unreal Projects/TimeGame/Content/Meshs/Material/M_ParticleBase.uasset" 66
"../../../../../../Users/tymte/Documents/Unreal Projects/TimeGame/Content/Meshs/Material/MI_Particle.uasset" 67
"../../../../../../Users/tymte/Documents/Unreal Projects/TimeGame/Content/Meshs/SM_Sphere.uasset" 68
"../../../../../../Users/tymte/Documents/Unreal Projects/TimeGame/Content/Effects/P_Active.uasset" 69
"../../../../../../Users/tymte/Documents/Unreal Projects/TimeGame/Content/Meshs/SM_GateTile.uasset" 70
"../../../../../../Users/tymte/Documents/Unreal Projects/TimeGame/Content/BluePrints/BP_Gate.uasset" 71
"../../../../../../Users/tymte/Documents/Unreal Projects/TimeGame/Content/Meshs/Material/M_crystal.uasset" 72
"../../../../../../Users/tymte/Documents/Unreal Projects/TimeGame/Content/Meshs/SM_crystal.uasset" 73
"../../../../../../Users/tymte/Documents/Unreal Projects/TimeGame/Content/BluePrints/BP_shard.uasset" 74
"../../../../../../Users/tymte/Documents/Unreal Projects/TimeGame/Content/BluePrints/BP_MainGameMode.uasset" 75
"../../../../../../Users/tymte/Documents/Unreal Projects/TimeGame/Content/BluePrints/Enemy/BP_EnemyControler.uasset" 76
"../../../../../../Users/tymte/Documents/Unreal Projects/TimeGame/Content/Effects/P_DeathEffect.uasset" 77
"../../../../../../Users/tymte/Documents/Unreal Projects/TimeGame/Content/Effects/P_SpawnEffect.uasset" 78
"../../../../../../Users/tymte/Documents/Unreal Projects/TimeGame/Content/Meshs/Textures/KnightTexture.uasset" 79
"../../../../../../Users/tymte/Documents/Unreal Projects/TimeGame/Content/Meshs/Material/M_Knight.uasset" 80
"../../../../../../Users/tymte/Documents/Unreal Projects/TimeGame/Content/Meshs/Knight/knight_PhysicsAsset.uasset" 81
"../../../../../../Users/tymte/Documents/Unreal Projects/TimeGame/Content/Meshs/Knight/knight.uasset" 82
"../../../../../../Users/tymte/Documents/Unreal Projects/TimeGame/Content/BluePrints/Enemy/BP_Enemy.uasset" 83
"../../../../../../Users/tymte/Documents/Unreal Projects/TimeGame/Content/Meshs/Knight/ABP_knight.uasset" 84
"../../../../../../Users/tymte/Documents/Unreal Projects/TimeGame/Content/Meshs/Textures/SwordTexture.uasset" 85
"../../../../../../Users/tymte/Documents/Unreal Projects/TimeGame/Content/Meshs/Material/M_Sword.uasset" 86
"../../../../../../Users/tymte/Documents/Unreal Projects/TimeGame/Content/Meshs/SM_Sword.uasset" 87
"../../../../../../Users/tymte/Documents/Unreal Projects/TimeGame/Content/BluePrints/BP_Sword.uasset" 88
"../../../../../../Users/tymte/Documents/Unreal Projects/TimeGame/Content/BluePrints/Widgets/WBP_PauseMenu.uasset" 89
"../../../../../../Users/tymte/Documents/Unreal Projects/TimeGame/Content/BluePrints/BP_CHaracter.uasset" 90
"../../../../../../Users/tymte/Documents/Unreal Projects/TimeGame/Content/BluePrints/BP_Spear.uasset" 91
"../../../../../../Users/tymte/Documents/Unreal Projects/TimeGame/Content/BluePrints/NewParticleSystem.uasset" 92
"../../../../../../Users/tymte/Documents/Unreal Projects/TimeGame/Content/BluePrints/Enemy/E_CouseOfDeath.uasset" 93
"../../../../../../Users/tymte/Documents/Unreal Projects/TimeGame/Content/Meshs/Coin_kwadrat.uasset" 94
"../../../../../../Users/tymte/Documents/Unreal Projects/TimeGame/Content/Meshs/Material_002.uasset" 95
"../../../../../../Users/tymte/Documents/Unreal Projects/TimeGame/Content/Meshs/Material/M_Leaves.uasset" 96
"../../../../../../Users/tymte/Documents/Unreal Projects/TimeGame/Content/Meshs/Kaktus.uasset" 97
"../../../../../../Users/tymte/Documents/Unreal Projects/TimeGame/Content/Meshs/SM_Kaktus.uasset" 98
"../../../../../../Users/tymte/Documents/Unreal Projects/TimeGame/Content/Meshs/tile_GateTile.uasset" 99
"../../../../../../Users/tymte/Documents/Unreal Projects/TimeGame/Content/Meshs/Material/M_Trunk.uasset" 100
"../../../../../../Users/tymte/Documents/Unreal Projects/TimeGame/Content/Meshs/tree3.uasset" 101
"../../../../../../Users/tymte/Documents/Unreal Projects/TimeGame/Content/Meshs/Spear/knight.uasset" 102
"../../../../../../Users/tymte/Documents/Unreal Projects/TimeGame/Content/Meshs/Spear/knight_Anim_Idle.uasset" 103
"../../../../../../Users/tymte/Documents/Unreal Projects/TimeGame/Content/Meshs/Textures/Coin.uasset" 104
"../../../Engine/Content/Animation/DefaultAnimCurveCompressionSettings.uasset" 105
"../../../Engine/Content/Functions/Engine_MaterialFunctions01/Opacity/CameraDepthFade.uasset" 106
"../../../Engine/Content/EngineMaterials/T_Default_Material_Grid_M.uasset" 107
"../../../Engine/Content/EngineMaterials/T_Default_Material_Grid_N.uasset" 108
"../../../Engine/Content/EngineMaterials/WorldGridMaterial.uasset" 109
"../../../Engine/Content/ArtTools/RenderToTexture/Meshes/S_1_Unit_Plane.uasset" 110
"../../../Engine/Content/EngineMaterials/DefaultMaterial.uasset" 111
"../../../Engine/Content/BasicShapes/Cone.uasset" 112
"../../../Engine/Content/BasicShapes/Cylinder.uasset" 113
"../../../Engine/Content/BasicShapes/Plane.uasset" 114
"../../../Engine/Content/BasicShapes/Sphere.uasset" 115
"../../../Engine/Content/EditorLandscapeResources/DataLayer.uasset" 116
"../../../Engine/Content/EditorMaterials/MAT_Groups_Toggle.uasset" 117
"../../../Engine/Content/EditorMaterials/MAT_Groups_Visibility.uasset" 118
"../../../Engine/Content/EditorMaterials/PreviewShadowIndicator.uasset" 119
"../../../Engine/Content/EditorMaterials/PreviewShadowIndicatorMaterial.uasset" 120
"../../../Engine/Content/EditorMaterials/MatineeGroups/MAT_ColorTrack.uasset" 121
"../../../Engine/Content/EditorMaterials/MatineeGroups/MAT_Groups_Anim.uasset" 122
"../../../Engine/Content/EditorMaterials/MatineeGroups/MAT_Groups_AudioMaster.uasset" 123
"../../../Engine/Content/EditorMaterials/MatineeGroups/MAT_Groups_Director.uasset" 124
"../../../Engine/Content/EditorMaterials/MatineeGroups/MAT_Groups_Event.uasset" 125
"../../../Engine/Content/EditorMaterials/MatineeGroups/MAT_Groups_Fade.uasset" 126
"../../../Engine/Content/EditorMaterials/MatineeGroups/MAT_Groups_Float.uasset" 127
"../../../Engine/Content/EditorMaterials/MatineeGroups/MAT_Groups_Move.uasset" 128
"../../../Engine/Content/EditorMaterials/MatineeGroups/MAT_Groups_Slomo.uasset" 129
"../../../Engine/Content/EditorMaterials/MatineeGroups/MAT_Groups_Sound.uasset" 130
"../../../Engine/Content/EditorMaterials/MatineeGroups/MAT_Groups_Vector.uasset" 131
"../../../Engine/Content/EditorMaterials/ParticleSystems/PSysThumbnail_NoImage.uasset" 132
"../../../Engine/Content/EditorMaterials/ParticleSystems/PSysThumbnail_OOD.uasset" 133
"../../../Engine/Content/EditorMaterials/Camera/CineMat.uasset" 134
"../../../Engine/Content/EditorMaterials/Camera/MI_CineMat_Rig.uasset" 135
"../../../Engine/Content/EditorMeshes/Camera/SM_CraneRig_Arm.uasset" 136
"../../../Engine/Content/EditorMeshes/Camera/SM_CraneRig_Base.uasset" 137
"../../../Engine/Content/EditorMeshes/Camera/SM_CraneRig_Body.uasset" 138
"../../../Engine/Content/EditorMeshes/Camera/SM_CraneRig_Mount.uasset" 139
"../../../Engine/Content/EditorMeshes/Camera/SM_RailRig_Mount.uasset" 140
"../../../Engine/Content/EditorMeshes/Camera/SM_RailRig_Track.uasset" 141
"../../../Engine/Content/EditorResources/BSPVertex.uasset" 142
"../../../Engine/Content/EditorResources/EmptyActor.uasset" 143
"../../../Engine/Content/EditorResources/S_Actor.uasset" 144
"../../../Engine/Content/EditorResources/S_Note.uasset" 145
"../../../Engine/Content/EditorResources/S_Solver.uasset" 146
"../../../Engine/Content/EditorResources/S_Trigger.uasset" 147
"../../../Engine/Content/EditorResources/LightIcons/S_LightError.uasset" 148
"../../../Engine/Content/EditorResources/SequenceRecorder/Countdown.uasset" 149
"../../../Engine/Content/EditorResources/SequenceRecorder/RecordingIndicator.uasset" 150
"../../../Engine/Content/EditorSounds/Notifications/CompileFailed.uasset" 151
"../../../Engine/Content/EditorSounds/Notifications/CompileFailed_Cue.uasset" 152
"../../../Engine/Content/EditorSounds/Notifications/CompileSuccess.uasset" 153
"../../../Engine/Content/EditorSounds/Notifications/CompileStart_Cue.uasset" 154
"../../../Engine/Content/EditorSounds/Notifications/CompileSuccess_Cue.uasset" 155
"../../../Engine/Content/EngineDamageTypes/DmgTypeBP_Environmental.uasset" 156
"../../../Engine/Content/EngineDebugMaterials/DebugEditorMaterial.uasset" 157
"../../../Engine/Content/EngineDebugMaterials/DebugMeshMaterial.uasset" 158
"../../../Engine/Content/EngineDebugMaterials/M_SimpleUnlitTranslucent.uasset" 159
"../../../Engine/Content/Functions/Engine_MaterialFunctions02/Utility/CameraDirectionVector.uasset" 160
"../../../Engine/Content/EngineDebugMaterials/VolumeToRender.uasset" 161
"../../../Engine/Content/EngineDebugMaterials/M_VolumeRenderSphereTracePP.uasset" 162
"../../../Engine/Content/EngineDebugMaterials/WireframeMaterial.uasset" 163
"../../../Engine/Content/EngineFonts/Faces/RobotoBold.uasset" 164
"../../../Engine/Content/EngineFonts/Faces/RobotoBoldItalic.uasset" 165
"../../../Engine/Content/EngineFonts/Faces/RobotoItalic.uasset" 166
"../../../Engine/Content/EngineFonts/Faces/RobotoLight.uasset" 167
"../../../Engine/Content/EngineFonts/Faces/RobotoRegular.uasset" 168
"../../../Engine/Content/EngineFonts/Roboto.uasset" 169
"../../../Engine/Content/EngineMaterials/BaseFlattenDiffuseMap.uasset" 170
"../../../Engine/Content/EngineMaterials/BaseFlattenEmissiveMap.uasset" 171
"../../../Engine/Content/EngineMaterials/BaseFlattenGrayscaleMap.uasset" 172
"../../../Engine/Content/EngineMaterials/BaseFlattenNormalMap.uasset" 173
"../../../Engine/Content/EngineMaterials/BaseFlattenMaterial.uasset" 174
"../../../Engine/Content/EngineMaterials/BlueNoise.uasset" 175
"../../../Engine/Content/EngineMaterials/DefaultBloomKernel.uasset" 176
"../../../Engine/Content/EngineMaterials/DefaultBokeh.uasset" 177
"../../../Engine/Content/EngineMaterials/DefaultDiffuse.uasset" 178
"../../../Engine/Content/EngineMaterials/DefaultDeferredDecalMaterial.uasset" 179
"../../../Engine/Content/EngineMaterials/DefaultLightFunctionMaterial.uasset" 180
"../../../Engine/Content/EngineMaterials/DefaultPhysicalMaterial.uasset" 181
"../../../Engine/Content/Functions/Engine_MaterialFunctions02/Utility/BreakOutFloat2Components.uasset" 182
"../../../Engine/Content/EngineMaterials/DefaultPostProcessMaterial.uasset" 183
"../../../Engine/Content/EngineFonts/RobotoDistanceField.uasset" 184
"../../../Engine/Content/EngineMaterials/DefaultTextMaterialOpaque.uasset" 185
"../../../Engine/Content/EngineMaterials/DefaultWhiteGrid_Low.uasset" 186
"../../../Engine/Content/EngineMaterials/EmissiveMeshMaterial.uasset" 187
"../../../Engine/Content/EngineMaterials/GizmoMaterial.uasset" 188
"../../../Engine/Content/EngineMaterials/Good64x64TilingNoiseHighFreq.uasset" 189
"../../../Engine/Content/EngineMaterials/MiniFont.uasset" 190
"../../../Engine/Content/EngineMaterials/InvalidLightmapSettings.uasset" 191
"../../../Engine/Content/EngineMaterials/M_InvalidLightmapSettings.uasset" 192
"../../../Engine/Content/Functions/Engine_MaterialFunctions02/WorldPositionOffset/CameraOffset.uasset" 193
"../../../Engine/Content/EngineMaterials/PhAT_JointLimitMaterial.uasset" 194
"../../../Engine/Content/EngineMaterials/PreintegratedSkinBRDF.uasset" 195
"../../../Engine/Content/EngineMaterials/RemoveSurfaceMaterial.uasset" 196
"../../../Engine/Content/EngineMaterials/WeightMapPlaceholderTexture.uasset" 197
"../../../Engine/Content/EngineResources/WhiteSquareTexture.uasset" 198
"../../../Engine/Content/EngineMaterials/Widget3DPassThrough.uasset" 199
"../../../Engine/Content/EngineMaterials/Widget3DPassThrough_Masked.uasset" 200
"../../../Engine/Content/EngineMaterials/Widget3DPassThrough_Opaque.uasset" 201
"../../../Engine/Content/EngineMaterials/Widget3DPassThrough_Masked_OneSided.uasset" 202
"../../../Engine/Content/EngineMaterials/Widget3DPassThrough_Opaque_OneSided.uasset" 203
"../../../Engine/Content/EngineMaterials/Widget3DPassThrough_Translucent.uasset" 204
"../../../Engine/Content/EngineMaterials/Widget3DPassThrough_Translucent_OneSided.uasset" 205
"../../../Engine/Content/EngineMeshes/Cylinder.uasset" 206
"../../../Engine/Content/EngineMeshes/Sphere.uasset" 207
"../../../Engine/Content/EngineResources/Black.uasset" 208
"../../../Engine/Content/EngineResources/DefaultTexture.uasset" 209
"../../../Engine/Content/EngineResources/DefaultTextureCube.uasset" 210
"../../../Engine/Content/EngineResources/DefaultVolumeTexture2D.uasset" 211
"../../../Engine/Content/EngineResources/DefaultVolumeTexture.uasset" 212
"../../../Engine/Content/EngineResources/GradientTexture0.uasset" 213
"../../../Engine/Content/EngineSounds/Master.uasset" 214
"../../../Engine/Content/Functions/Engine_MaterialFunctions01/Shading/ConvertFromDiffSpec.uasset" 215
"../../../Engine/Content/Functions/Engine_MaterialFunctions01/Shading/PowerToRoughness.uasset" 216
"../../../Engine/Content/Maps/Templates/Thumbnails/Default.uasset" 217
"../../../Engine/Content/Maps/Templates/Thumbnails/TimeOfDay.uasset" 218
"../../../Engine/Content/Maps/Templates/Thumbnails/VR-Basic.uasset" 219
"../../../Engine/Content/MobileResources/T_MobileControls_texture.uasset" 220
"../../../Engine/Content/MobileResources/T_MobileMenu2.uasset" 221
"../../../Engine/Content/MobileResources/HUD/AnalogHat.uasset" 222
"../../../Engine/Content/MobileResources/HUD/VirtualJoystick_Background.uasset" 223
"../../../Engine/Content/MobileResources/HUD/VirtualJoystick_Thumb.uasset" 224
"../../../Engine/Content/MobileResources/HUD/DefaultVirtualJoysticks.uasset" 225
"../../../Engine/Content/MobileResources/HUD/LeftVirtualJoystickOnly.uasset" 226
"../../../Engine/Content/MobileResources/HUD/MobileHUDButton1_off.uasset" 227
"../../../Engine/Content/MobileResources/HUD/MobileHUDButton1_on.uasset" 228
"../../../Engine/Content/MobileResources/HUD/MobileHUDButton2_off.uasset" 229
"../../../Engine/Content/MobileResources/HUD/MobileHUDButton2_on.uasset" 230
"../../../Engine/Content/MobileResources/HUD/MobileHUDButton3.uasset" 231
"../../../Engine/Content/MobileResources/HUD/MobileHUDButtonFire.uasset" 232
"../../../Engine/Content/MobileResources/HUD/MobileHUDDirectionPad.uasset" 233
"../../../Engine/Content/MobileResources/HUD/MobileHUDDirectionPad2.uasset" 234
"../../../Engine/Content/MobileResources/HUD/MobileHUDDirectionPad3.uasset" 235
"../../../Engine/Content/MobileResources/HUD/MobileHUDDirectionStick.uasset" 236
"../../../Engine/Content/MobileResources/HUD/T_Castle_ThumbstickInner.uasset" 237
"../../../Engine/Content/MobileResources/HUD/T_Castle_ThumbstickOutter.uasset" 238
"../../../Engine/Content/Tutorial/ContentIntroCurve.uasset" 239
"../../../Engine/Content/Tutorial/Basics/LevelEditorAttract.uasset" 240
"../../../Engine/Content/Tutorial/Basics/TutorialAssets/icon_tab_Levels_40x.uasset" 241
"../../../Engine/Content/Tutorial/Basics/LevelEditorOverview.uasset" 242
"../../../Engine/Content/Tutorial/BlueprintTutorials/TutorialAssets/Blueprint_64x.uasset" 243
"../../../Engine/Content/Tutorial/BlueprintTutorials/BlueprintEditorTutorial.uasset" 244
"../../../Engine/Content/Tutorial/Foliage/TutorialAssets/Foliage.uasset" 245
"../../../Engine/Content/Tutorial/Foliage/Foliage_Intro_Tutorial.uasset" 246
"../../../Engine/Content/Tutorial/Foliage/Foliage_Settings_Tutorial.uasset" 247
"../../../Engine/Content/Tutorial/Foliage/Foliage_Using_The_Tool_Tutorial.uasset" 248
"../../../Engine/Content/VREditor/LaserPointer/VR_LaserPower_01.uasset" 249
"../../../Engine/Content/VREditor/TransformGizmo/TransformGizmoMaterial.uasset" 250
"../../../Engine/Content/VREditor/TransformGizmo/TranslucentTransformGizmoMaterial.uasset" 251
"../../../Engine/Content/VREditor/TransformGizmo/BoundingBoxCorner.uasset" 252
"../../../Engine/Content/VREditor/TransformGizmo/BoundingBoxEdge.uasset" 253
"../../../Engine/Content/VREditor/TransformGizmo/PlaneTranslationHandle.uasset" 254
"../../../Engine/Content/VREditor/TransformGizmo/Main.uasset" 255
"../../../Engine/Content/VREditor/TransformGizmo/Xray.uasset" 256
"../../../Engine/Content/VREditor/TransformGizmo/SM_Sequencer_Key.uasset" 257
"../../../Engine/Content/VREditor/TransformGizmo/SM_Sequencer_Node.uasset" 258
"../../Plugins/2D/Paper2D/Content/PlaceholderTextures/DummySpriteTexture.uasset" 259
"../../Plugins/2D/Paper2D/Content/DummySprite.uasset" 260
"../../Plugins/2D/Paper2D/Content/DefaultPaperTerrainMaterial.uasset" 261
"../../Plugins/2D/Paper2D/Content/DefaultSpriteMaterial.uasset" 262
"../../Plugins/2D/Paper2D/Content/MaskedUnlitSpriteMaterial.uasset" 263
"../../Plugins/2D/Paper2D/Content/OpaqueUnlitSpriteMaterial.uasset" 264
"../../Plugins/FX/Niagara/Content/Enums/ENiagaraBooleanLogicOps.uasset" 265
"../../Plugins/FX/Niagara/Content/Enums/ENiagaraCoordinateSpace.uasset" 266
"../../Plugins/FX/Niagara/Content/Enums/ENiagaraExpansionMode.uasset" 267
"../../Plugins/FX/Niagara/Content/Enums/ENiagaraOrientationAxis.uasset" 268
"../../Plugins/FX/Niagara/Content/Enums/ENiagaraRandomnessMode.uasset" 269
"../../Plugins/Marketplace/BlockoutToolsPlugin/Content/Blueprints/Utility/BlockoutToolsFunctions.uasset" 270
"../../Plugins/Marketplace/BlockoutToolsPlugin/Content/Meshes/SM_Blockout_Box.uasset" 271
"../../Plugins/Marketplace/BlockoutToolsPlugin/Content/Blueprints/Blockout_Box.uasset" 272
"../../Plugins/Marketplace/BlockoutToolsPlugin/Content/Meshes/SM_Blockout_Cone_Q1.uasset" 273
"../../Plugins/Marketplace/BlockoutToolsPlugin/Content/Meshes/SM_Blockout_Cone_Q2.uasset" 274
"../../Plugins/Marketplace/BlockoutToolsPlugin/Content/Meshes/SM_Blockout_Cone_Q3.uasset" 275
"../../Plugins/Marketplace/BlockoutToolsPlugin/Content/Meshes/SM_Blockout_Cone_Q4.uasset" 276
"../../Plugins/Marketplace/BlockoutToolsPlugin/Content/Blueprints/Blockout_Cone.uasset" 277
"../../Plugins/Marketplace/BlockoutToolsPlugin/Content/Meshes/SM_Blockout_Curved_Corner_Inner_Q1.uasset" 278
"../../Plugins/Marketplace/BlockoutToolsPlugin/Content/Meshes/SM_Blockout_Curved_Corner_Inner_Q2.uasset" 279
"../../Plugins/Marketplace/BlockoutToolsPlugin/Content/Meshes/SM_Blockout_Curved_Corner_Inner_Q3.uasset" 280
"../../Plugins/Marketplace/BlockoutToolsPlugin/Content/Meshes/SM_Blockout_Curved_Corner_Inner_Q4.uasset" 281
"../../Plugins/Marketplace/BlockoutToolsPlugin/Content/Meshes/SM_Blockout_Curved_Corner_Outer_Q1.uasset" 282
"../../Plugins/Marketplace/BlockoutToolsPlugin/Content/Meshes/SM_Blockout_Curved_Corner_Outer_Q2.uasset" 283
"../../Plugins/Marketplace/BlockoutToolsPlugin/Content/Meshes/SM_Blockout_Curved_Corner_Outer_Q3.uasset" 284
"../../Plugins/Marketplace/BlockoutToolsPlugin/Content/Meshes/SM_Blockout_Curved_Corner_Outer_Q4.uasset" 285
"../../Plugins/Marketplace/BlockoutToolsPlugin/Content/Blueprints/Blockout_Corner_Curved.uasset" 286
"../../Plugins/Marketplace/BlockoutToolsPlugin/Content/Meshes/SM_Blockout_Corner_Ramp.uasset" 287
"../../Plugins/Marketplace/BlockoutToolsPlugin/Content/Blueprints/Blockout_Corner_Ramp.uasset" 288
"../../Plugins/Marketplace/BlockoutToolsPlugin/Content/Meshes/SM_Blockout_Cylinder_Q1.uasset" 289
"../../Plugins/Marketplace/BlockoutToolsPlugin/Content/Meshes/SM_Blockout_Cylinder_Q2.uasset" 290
"../../Plugins/Marketplace/BlockoutToolsPlugin/Content/Meshes/SM_Blockout_Cylinder_Q3.uasset" 291
"../../Plugins/Marketplace/BlockoutToolsPlugin/Content/Meshes/SM_Blockout_Cylinder_Q4.uasset" 292
"../../Plugins/Marketplace/BlockoutToolsPlugin/Content/Blueprints/Blockout_Cylinder.uasset" 293
"../../Plugins/Marketplace/BlockoutToolsPlugin/Content/Blueprints/Blockout_Doorway.uasset" 294
"../../Plugins/Marketplace/BlockoutToolsPlugin/Content/Blueprints/Utility/EBlockoutRailingType.uasset" 295
"../../Plugins/Marketplace/BlockoutToolsPlugin/Content/Meshes/SM_Blockout_Railing_Closed.uasset" 296
"../../Plugins/Marketplace/BlockoutToolsPlugin/Content/Meshes/SM_Blockout_Railing_Open.uasset" 297
"../../Plugins/Marketplace/BlockoutToolsPlugin/Content/Meshes/SM_Blockout_Railing_Pole.uasset" 298
"../../Plugins/Marketplace/BlockoutToolsPlugin/Content/Blueprints/Blockout_Railing.uasset" 299
"../../Plugins/Marketplace/BlockoutToolsPlugin/Content/Meshes/SM_Blockout_Ramp.uasset" 300
"../../Plugins/Marketplace/BlockoutToolsPlugin/Content/Blueprints/Blockout_Ramp.uasset" 301
"../../Plugins/Marketplace/BlockoutToolsPlugin/Content/Blueprints/Utility/EBlockoutAlignment.uasset" 302
"../../Plugins/Marketplace/BlockoutToolsPlugin/Content/Meshes/SM_Blockout_Box_Centered.uasset" 303
"../../Plugins/Marketplace/BlockoutToolsPlugin/Content/Meshes/SM_Blockout_Box_Right.uasset" 304
"../../Plugins/Marketplace/BlockoutToolsPlugin/Content/Blueprints/Blockout_Skewbox.uasset" 305
"../../Plugins/Marketplace/BlockoutToolsPlugin/Content/Meshes/SM_Blockout_Hemisphere_Q1.uasset" 306
"../../Plugins/Marketplace/BlockoutToolsPlugin/Content/Meshes/SM_Blockout_Hemisphere_Q2.uasset" 307
"../../Plugins/Marketplace/BlockoutToolsPlugin/Content/Meshes/SM_Blockout_Hemisphere_Q3.uasset" 308
"../../Plugins/Marketplace/BlockoutToolsPlugin/Content/Meshes/SM_Blockout_Hemisphere_Q4.uasset" 309
"../../Plugins/Marketplace/BlockoutToolsPlugin/Content/Meshes/SM_Blockout_Sphere_Q1.uasset" 310
"../../Plugins/Marketplace/BlockoutToolsPlugin/Content/Meshes/SM_Blockout_Sphere_Q2.uasset" 311
"../../Plugins/Marketplace/BlockoutToolsPlugin/Content/Meshes/SM_Blockout_Sphere_Q3.uasset" 312
"../../Plugins/Marketplace/BlockoutToolsPlugin/Content/Meshes/SM_Blockout_Sphere_Q4.uasset" 313
"../../Plugins/Marketplace/BlockoutToolsPlugin/Content/Blueprints/Blockout_Sphere.uasset" 314
"../../Plugins/Marketplace/BlockoutToolsPlugin/Content/Blueprints/Utility/EBlockoutStairsType.uasset" 315
"../../Plugins/Marketplace/BlockoutToolsPlugin/Content/Meshes/SM_Blockout_Step_Box_Centered.uasset" 316
"../../Plugins/Marketplace/BlockoutToolsPlugin/Content/Meshes/SM_Blockout_Step_Sloped_Centered.uasset" 317
"../../Plugins/Marketplace/BlockoutToolsPlugin/Content/Blueprints/Blockout_Stairs_Curved.uasset" 318
"../../Plugins/Marketplace/BlockoutToolsPlugin/Content/Meshes/SM_Blockout_Step_Box.uasset" 319
"../../Plugins/Marketplace/BlockoutToolsPlugin/Content/Meshes/SM_Blockout_Step_Sloped_Linear.uasset" 320
"../../Plugins/Marketplace/BlockoutToolsPlugin/Content/Blueprints/Blockout_Stairs_Linear.uasset" 321
"../../Plugins/Marketplace/BlockoutToolsPlugin/Content/Blueprints/Blockout_Stairs_Linear_Manual.uasset" 322
"../../Plugins/Marketplace/BlockoutToolsPlugin/Content/Blueprints/Blockout_Tube.uasset" 323
"../../Plugins/Marketplace/BlockoutToolsPlugin/Content/Blueprints/Blockout_Window.uasset" 324
"../../../Engine/Content/Functions/Engine_MaterialFunctions01/Gradient/LinearGradient.uasset" 325
"../../../Engine/Content/Functions/Engine_MaterialFunctions01/ImageAdjustment/CheapContrast.uasset" 326
"../../../Engine/Content/Functions/Engine_MaterialFunctions02/Utility/VectorLength.uasset" 327
"../../../Engine/Content/Functions/Engine_MaterialFunctions02/WorldPositionOffset/ObjectScale.uasset" 328
"../../../Engine/Content/EngineMaterials/T_Default_BaseColor.uasset" 329
"../../Plugins/Marketplace/BlockoutToolsPlugin/Content/Materials/Functions/MF_Blockout_Triplanar.uasset" 330
"../../../Engine/Content/EngineMaterials/T_Default_Normal.uasset" 331
"../../Plugins/Marketplace/BlockoutToolsPlugin/Content/Materials/Functions/MF_Blockout_Triplanar_Normal.uasset" 332
"../../Plugins/Marketplace/BlockoutToolsPlugin/Content/Materials/M_BlockoutTools_Custom.uasset" 333
"../../Plugins/Marketplace/BlockoutToolsPlugin/Content/Materials/MI_BlockoutTools_Custom.uasset" 334
"../../../Engine/Content/EngineMaterials/BlendFunc_DefBase.uasset" 335
"../../../Engine/Content/EngineMaterials/BlendFunc_DefBlend.uasset" 336
"../../../Engine/Content/Functions/Engine_MaterialFunctions03/Blends/Blend_Screen.uasset" 337
"../../Plugins/Marketplace/BlockoutToolsPlugin/Content/Textures/T_Blockout_Grid.uasset" 338
"../../../Engine/Content/EngineMaterials/DefaultWhiteGrid.uasset" 339
"../../Plugins/Marketplace/BlockoutToolsPlugin/Content/Materials/Functions/MF_Blockout_Grid.uasset" 340
"../../Plugins/Marketplace/BlockoutToolsPlugin/Content/Materials/Functions/MF_Blockout_Triplanar_Grid.uasset" 341
"../../Plugins/Marketplace/BlockoutToolsPlugin/Content/Materials/M_BlockoutTools_Grid.uasset" 342
"../../Plugins/Marketplace/BlockoutToolsPlugin/Content/Materials/MI_BlockoutTools_Grid.uasset" 343
"../../Plugins/Marketplace/BlockoutToolsPlugin/Content/Textures/T_Blockout_Actor_Icon.uasset" 344
"../../../Engine/Content/Functions/Engine_MaterialFunctions02/Utility/BreakOutFloat4Components.uasset" 345
"../../../Engine/Content/Functions/Engine_MaterialFunctions02/Utility/MakeFloat2.uasset" 346
"../../../Engine/Content/Functions/Engine_MaterialFunctions02/Utility/MakeFloat3.uasset" 347
"../../Plugins/Runtime/Oculus/OculusVR/Content/Materials/OculusMR_ChromaKey.uasset" 348
"../../Plugins/Runtime/Oculus/OculusVR/Content/Materials/OculusMR_ChromaKey_Lit.uasset" 349
"../../Plugins/Runtime/Oculus/OculusVR/Content/Materials/OculusMR_OpaqueColoredMaterial.uasset" 350
"../../Plugins/Runtime/Oculus/OculusVR/Content/Materials/OculusMR_WhiteMaterial.uasset" 351
"../../../Engine/Content/EngineSky/C_Sky_Cloud_Color.uasset" 352
"../../../Engine/Content/EngineSky/C_Sky_Horizon_Color.uasset" 353
"../../../Engine/Content/EngineSky/C_Sky_Zenith_Color.uasset" 354
"../../../Engine/Content/EngineSky/T_Sky_Blue.uasset" 355
"../../../Engine/Content/EngineSky/T_Sky_Clouds_M.uasset" 356
"../../../Engine/Content/EngineSky/T_Sky_Stars.uasset" 357
"../../../Engine/Content/EngineSky/M_Sky_Panning_Clouds2.uasset" 358
"../../../Engine/Content/EngineSky/SM_SkySphere.uasset" 359
"../../../Engine/Content/EngineSky/BP_Sky_Sphere.uasset" 360
"../../../../../../Users/tymte/Documents/Unreal Projects/TimeGame/Content/BluePrints/BP_KillZ.uasset" 361
"../../../../../../Users/tymte/Documents/Unreal Projects/TimeGame/Content/Maps/Level1_BuiltData.uasset" 362
"../../../../../../Users/tymte/Documents/Unreal Projects/TimeGame/Content/Meshs/SM_bewelCoube.uasset" 363
"../../../../../../Users/tymte/Documents/Unreal Projects/TimeGame/Content/Meshs/Textures/TreeTexture1.uasset" 364
"../../../../../../Users/tymte/Documents/Unreal Projects/TimeGame/Content/Meshs/Material/TreeTexture.uasset" 365
"../../../../../../Users/tymte/Documents/Unreal Projects/TimeGame/Content/Meshs/Tree.uasset" 366
"../../../../../../Users/tymte/Documents/Unreal Projects/TimeGame/Content/Maps/Level1.umap" 367
"../../../../../../Users/tymte/Documents/Unreal Projects/TimeGame/Content/Maps/Level10_BuiltData.uasset" 368
"../../../../../../Users/tymte/Documents/Unreal Projects/TimeGame/Content/Meshs/Material/MI_Stone.uasset" 369
"../../../../../../Users/tymte/Documents/Unreal Projects/TimeGame/Content/Meshs/SM_Barrel.uasset" 370
"../../../../../../Users/tymte/Documents/Unreal Projects/TimeGame/Content/Maps/Level10.umap" 371
"../../../../../../Users/tymte/Documents/Unreal Projects/TimeGame/Content/Maps/Level2_BuiltData.uasset" 372
"../../../../../../Users/tymte/Documents/Unreal Projects/TimeGame/Content/Maps/Level2.umap" 373
"../../../../../../Users/tymte/Documents/Unreal Projects/TimeGame/Content/Maps/Level3_BuiltData.uasset" 374
"../../../../../../Users/tymte/Documents/Unreal Projects/TimeGame/Content/Maps/Level3.umap" 375
"../../../../../../Users/tymte/Documents/Unreal Projects/TimeGame/Content/Maps/Level4_BuiltData.uasset" 376
"../../../../../../Users/tymte/Documents/Unreal Projects/TimeGame/Content/Maps/Level4.umap" 377
"../../../../../../Users/tymte/Documents/Unreal Projects/TimeGame/Content/Maps/Level5_BuiltData.uasset" 378
"../../../../../../Users/tymte/Documents/Unreal Projects/TimeGame/Content/Meshs/Material/MI_Sand.uasset" 379
"../../../../../../Users/tymte/Documents/Unreal Projects/TimeGame/Content/Maps/Level5.umap" 380
"../../../../../../Users/tymte/Documents/Unreal Projects/TimeGame/Content/Maps/Level6_BuiltData.uasset" 381
"../../../../../../Users/tymte/Documents/Unreal Projects/TimeGame/Content/Meshs/SM_Trunk.uasset" 382
"../../../../../../Users/tymte/Documents/Unreal Projects/TimeGame/Content/Maps/Level6.umap" 383
"../../../../../../Users/tymte/Documents/Unreal Projects/TimeGame/Content/Maps/Level7_BuiltData.uasset" 384
"../../../../../../Users/tymte/Documents/Unreal Projects/TimeGame/Content/Maps/Level7.umap" 385
"../../../../../../Users/tymte/Documents/Unreal Projects/TimeGame/Content/Maps/Level8_BuiltData.uasset" 386
"../../../../../../Users/tymte/Documents/Unreal Projects/TimeGame/Content/Maps/Level8.umap" 387
"../../../../../../Users/tymte/Documents/Unreal Projects/TimeGame/Content/Maps/Level9_BuiltData.uasset" 388
"../../../../../../Users/tymte/Documents/Unreal Projects/TimeGame/Content/Maps/Level9.umap" 389
"../../../../../../Users/tymte/Documents/Unreal Projects/TimeGame/Content/Maps/MainMenu_BuiltData.uasset" 390
"../../../Engine/Content/BasicShapes/Cube.uasset" 391
"../../../../../../Users/tymte/Documents/Unreal Projects/TimeGame/Content/BluePrints/Widgets/BP_MyComboBox.uasset" 392
"../../../../../../Users/tymte/Documents/Unreal Projects/TimeGame/Content/BluePrints/Widgets/SettingsWidgets/WBP_Setting.uasset" 393
"../../../../../../Users/tymte/Documents/Unreal Projects/TimeGame/Content/BluePrints/Widgets/SettingsWidgets/WBP_SettingDisplay.uasset" 394
"../../../../../../Users/tymte/Documents/Unreal Projects/TimeGame/Content/BluePrints/Widgets/SettingsWidgets/WBP_Setting_Aliasing.uasset" 395
"../../../../../../Users/tymte/Documents/Unreal Projects/TimeGame/Content/BluePrints/Widgets/SettingsWidgets/WBP_Setting_Effect.uasset" 396
"../../../../../../Users/tymte/Documents/Unreal Projects/TimeGame/Content/BluePrints/Widgets/SettingsWidgets/WBP_Setting_FpsLimit.uasset" 397
"../../../../../../Users/tymte/Documents/Unreal Projects/TimeGame/Content/BluePrints/Widgets/SettingsWidgets/WBP_Setting_Fullscrean.uasset" 398
"../../../../../../Users/tymte/Documents/Unreal Projects/TimeGame/Content/BluePrints/Widgets/SettingsWidgets/WBP_Setting_Processing.uasset" 399
"../../../../../../Users/tymte/Documents/Unreal Projects/TimeGame/Content/BluePrints/Widgets/SettingsWidgets/WBP_Setting_ScreenResolution.uasset" 400
"../../../../../../Users/tymte/Documents/Unreal Projects/TimeGame/Content/BluePrints/Widgets/SettingsWidgets/WBP_Setting_Shading.uasset" 401
"../../../../../../Users/tymte/Documents/Unreal Projects/TimeGame/Content/BluePrints/Widgets/SettingsWidgets/WBP_Setting_Shadow.uasset" 402
"../../../../../../Users/tymte/Documents/Unreal Projects/TimeGame/Content/BluePrints/Widgets/SettingsWidgets/WBP_Setting_Textures.uasset" 403
"../../../../../../Users/tymte/Documents/Unreal Projects/TimeGame/Content/BluePrints/Widgets/SettingsWidgets/WBP_Setting_VievDistance.uasset" 404
"../../../../../../Users/tymte/Documents/Unreal Projects/TimeGame/Content/BluePrints/Widgets/SettingsWidgets/WBP_Setting_VSinc.uasset" 405
"../../../../../../Users/tymte/Documents/Unreal Projects/TimeGame/Content/BluePrints/Widgets/WBP_Opcions.uasset" 406
"../../../../../../Users/tymte/Documents/Unreal Projects/TimeGame/Content/BluePrints/Widgets/WBP_MainMenu.uasset" 407
"../../../../../../Users/tymte/Documents/Unreal Projects/TimeGame/Content/Maps/MainMenu.umap" 408
"../../../Engine/Content/Maps/Entry_BuiltData.uasset" 409
"../../../Engine/Content/Maps/Entry.umap" 410
